<?xml version="1.0" encoding="UTF-8"?>
<!-- Generated by org.testng.reporters.JUnitXMLReporter -->
<testsuite hostname="DESKTOP-RGHPT2R" ignored="0" name="Round1" tests="4" failures="0" timestamp="24 Mar 2018 05:26:14 GMT" time="0.071" errors="0">
  <testcase name="f" time="0.011" classname="learnconcept.FirstClass"/>
  <testcase name="f" time="0.001" classname="learnconcept.FirstClass"/>
  <testcase name="f" time="0.002" classname="learnconcept.SecondClass"/>
  <testcase name="f" time="0.001" classname="learnconcept.SecondClass"/>
</testsuite> <!-- Round1 -->
