<?xml version="1.0" encoding="UTF-8"?>
<testng-results skipped="0" failed="0" ignored="0" total="1" passed="1">
  <reporter-output>
  </reporter-output>
  <suite name="Default suite" duration-ms="41086" started-at="2018-03-25T06:49:03Z" finished-at="2018-03-25T06:49:44Z">
    <groups>
    </groups>
    <test name="Default test" duration-ms="41086" started-at="2018-03-25T06:49:03Z" finished-at="2018-03-25T06:49:44Z">
      <class name="phptravels.NewTest">
        <test-method status="PASS" signature="beforeClass()[pri:0, instance:phptravels.NewTest@1dfe2924]" name="beforeClass" is-config="true" duration-ms="38305" started-at="2018-03-25T06:49:03Z" finished-at="2018-03-25T06:49:41Z">
          <reporter-output>
          </reporter-output>
        </test-method> <!-- beforeClass -->
        <test-method status="PASS" signature="f()[pri:0, instance:phptravels.NewTest@1dfe2924]" name="f" duration-ms="8" started-at="2018-03-25T06:49:41Z" finished-at="2018-03-25T06:49:41Z">
          <reporter-output>
          </reporter-output>
        </test-method> <!-- f -->
        <test-method status="PASS" signature="afterClass()[pri:0, instance:phptravels.NewTest@1dfe2924]" name="afterClass" is-config="true" duration-ms="2735" started-at="2018-03-25T06:49:41Z" finished-at="2018-03-25T06:49:44Z">
          <reporter-output>
          </reporter-output>
        </test-method> <!-- afterClass -->
      </class> <!-- phptravels.NewTest -->
    </test> <!-- Default test -->
  </suite> <!-- Default suite -->
</testng-results>
